2024-03-22 20:05:13,855 - boolean_model_error - ERROR - Word 'intelligecen' not found in inverted index
2024-03-26 23:10:57,113 - boolean_model_error - ERROR - Word 'hear' not found in inverted index
2024-03-26 23:11:03,552 - boolean_model_error - ERROR - Word 'heartt' not found in inverted index
2024-03-26 23:11:14,053 - boolean_model_error - ERROR - Word 'heartt' not found in inverted index
2024-03-26 23:14:43,804 - boolean_model_error - ERROR - Word 'heartt' not found in inverted index
2024-03-26 23:15:18,097 - boolean_model_error - ERROR - Word 'heartt' not found in inverted index
2024-03-26 23:15:19,723 - boolean_model_error - ERROR - Word 'heartyi' not found in inverted index
2024-03-26 23:16:04,277 - boolean_model_error - ERROR - Word 'heartyi' not found in inverted index
2024-03-26 23:16:23,523 - boolean_model_error - ERROR - Word 'heartyi' not found in inverted index
2024-03-26 23:16:23,572 - boolean_model_error - ERROR - Word 'hearti' not found in inverted index
2024-03-26 23:17:37,394 - boolean_model_error - ERROR - Word 'hearti' not found in inverted index
2024-03-26 23:17:37,410 - boolean_model_error - ERROR - Word 'heartyi' not found in inverted index
2024-03-26 23:17:47,794 - boolean_model_error - ERROR - Word 'inssult' not found in inverted index
2024-03-26 23:18:01,799 - boolean_model_error - ERROR - Word 'intelligence' not found in inverted index
2024-03-26 23:20:11,243 - boolean_model_error - ERROR - Word 'heartt' not found in inverted index
2024-03-26 23:20:11,760 - boolean_model_error - ERROR - Word 'heartt' not found in inverted index
2024-03-26 23:20:19,531 - boolean_model_error - ERROR - Word 'intellignec' not found in inverted index
2024-03-26 23:21:29,435 - boolean_model_error - ERROR - Word 'heartt' not found in inverted index
2024-03-26 23:21:39,137 - boolean_model_error - ERROR - Word 'intelligence' not found in inverted index
2024-03-26 23:23:17,438 - boolean_model_error - ERROR - Word 'intelligence' not found in inverted index
2024-03-26 23:23:22,754 - boolean_model_error - ERROR - Word 'heartt' not found in inverted index
2024-03-26 23:23:51,032 - boolean_model_error - ERROR - Word 'heartt' not found in inverted index
2024-03-26 23:27:28,812 - boolean_model_error - ERROR - Word 'heartt' not found in inverted index
2024-03-26 23:28:27,935 - boolean_model_error - ERROR - Word 'heartt' not found in inverted index
2024-03-26 23:29:51,269 - boolean_model_error - ERROR - Word 'intelligenceew' not found in inverted index
2024-03-26 23:30:44,656 - boolean_model_error - ERROR - Word 'intelligenceew' not found in inverted index
2024-03-26 23:31:45,616 - boolean_model_error - ERROR - Word 'intelligence' not found in inverted index
2024-03-26 23:32:06,727 - boolean_model_error - ERROR - Word 'intelligence' not found in inverted index
2024-03-26 23:34:28,124 - boolean_model_error - ERROR - Word 'intelligenc' not found in inverted index
2024-03-26 23:38:30,941 - boolean_model_error - ERROR - Word 'intelligenc' not found in inverted index
2024-04-09 20:29:14,626 - boolean_model_error - ERROR - Word 'scienc' not found in inverted index
2024-04-12 22:40:35,052 - boolean_model_error - ERROR - Word 'ingellivenc' not found in inverted index
