2024-03-26 23:07:55,913 - extended_boolean_model - INFO - {
    "query": "heart intellihenvce /6",
    "documents": [
        "1",
        "3",
        "7",
        "8",
        "9",
        "11",
        "26"
    ]
}
2024-03-26 23:08:13,654 - extended_boolean_model - INFO - {
    "query": "heart intellihenvce /6",
    "documents": [
        "1",
        "3",
        "7",
        "8",
        "9",
        "11",
        "26"
    ]
}
2024-03-26 23:08:17,266 - extended_boolean_model - INFO - {
    "query": "heart intellihenvce /2",
    "documents": [
        "1",
        "3",
        "7",
        "8",
        "9",
        "11",
        "26"
    ]
}
2024-03-26 23:08:42,330 - extended_boolean_model - INFO - {
    "query": "heart intelligence /6",
    "documents": [
        "8",
        "11"
    ]
}
2024-03-26 23:31:16,044 - extended_boolean_model - INFO - {
    "query": "heart intelligence /4",
    "documents": [
        "8",
        "11"
    ]
}
2024-04-09 20:29:44,177 - extended_boolean_model - INFO - {
    "query": "machine vision /2",
    "documents": []
}
2024-04-09 20:29:45,859 - extended_boolean_model - INFO - {
    "query": "machine vision /4",
    "documents": [
        "99"
    ]
}
2024-04-09 20:29:47,120 - extended_boolean_model - INFO - {
    "query": "machine vision /3",
    "documents": []
}
2024-04-12 22:55:19,960 - extended_boolean_model - INFO - {
    "query": "challenging task /3",
    "documents": [
        "15"
    ]
}
