{
    "doc_id": "1_1",
    "tokens": 10427,
    "unique_tokens": 2667,
    "stemmed_tokens": 10427,
    "inv_index_file": "./src/indexes\\1_1_ivnIdx.json",
    "pos_index_file": "./src/indexes\\1_1_posIdx.json",
    "vocab_file": "./src/vocab\\1_1_vocab.json",
    "static_summary": "overview  historical perspective  explainable artificial intelligence roberto confalonieri ludovik coba benedikt wagner tarek  besold faculty  computer "
},
{
    "doc_id": "2_11",
    "tokens": 1131,
    "unique_tokens": 533,
    "stemmed_tokens": 1131,
    "inv_index_file": "./src/indexes\\2_11_ivnIdx.json",
    "pos_index_file": "./src/indexes\\2_11_posIdx.json",
    "vocab_file": "./src/vocab\\2_11_vocab.json",
    "static_summary": " timely  accurate heart failure diagnosis   gateway  effective treatment that  improve quality  life  "
},
{
    "doc_id": "3_12",
    "tokens": 14286,
    "unique_tokens": 3450,
    "stemmed_tokens": 14286,
    "inv_index_file": "./src/indexes\\3_12_ivnIdx.json",
    "pos_index_file": "./src/indexes\\3_12_posIdx.json",
    "vocab_file": "./src/vocab\\3_12_vocab.json",
    "static_summary": " years  time series forecasting jan  de gooijera  rob  hyndmanb adepartment  quantitative economics university  "
},
{
    "doc_id": "4_13",
    "tokens": 4950,
    "unique_tokens": 2128,
    "stemmed_tokens": 4950,
    "inv_index_file": "./src/indexes\\4_13_ivnIdx.json",
    "pos_index_file": "./src/indexes\\4_13_posIdx.json",
    "vocab_file": "./src/vocab\\4_13_vocab.json",
    "static_summary": "special issue  forecasting ricardop masini marceloc medeiroseduardof mendes  learning princetonuniversity usa  getulio vargasfoundation brazil departmentofeconomics pontifical  "
},
{
    "doc_id": "5_14",
    "tokens": 4950,
    "unique_tokens": 2128,
    "stemmed_tokens": 4950,
    "inv_index_file": "./src/indexes\\5_14_ivnIdx.json",
    "pos_index_file": "./src/indexes\\5_14_posIdx.json",
    "vocab_file": "./src/vocab\\5_14_vocab.json",
    "static_summary": "special issue  forecasting ricardop masini marceloc medeiroseduardof mendes  learning princetonuniversity usa  getulio vargasfoundation brazil departmentofeconomics pontifical  "
},
{
    "doc_id": "6_15",
    "tokens": 7510,
    "unique_tokens": 1904,
    "stemmed_tokens": 7510,
    "inv_index_file": "./src/indexes\\6_15_ivnIdx.json",
    "pos_index_file": "./src/indexes\\6_15_posIdx.json",
    "vocab_file": "./src/vocab\\6_15_vocab.json",
    "static_summary": " ieee transactions  neural networks  learning systems vol    july  toward automatic time series forecasting "
},
{
    "doc_id": "7_16",
    "tokens": 10111,
    "unique_tokens": 2875,
    "stemmed_tokens": 10111,
    "inv_index_file": "./src/indexes\\7_16_ivnIdx.json",
    "pos_index_file": "./src/indexes\\7_16_posIdx.json",
    "vocab_file": "./src/vocab\\7_16_vocab.json",
    "static_summary": "review article deep learning  time series forecasting  survey josef torres  dalil hadjout  abderrazak sebaa  francisco "
},
{
    "doc_id": "8_17",
    "tokens": 6262,
    "unique_tokens": 1871,
    "stemmed_tokens": 6262,
    "inv_index_file": "./src/indexes\\8_17_ivnIdx.json",
    "pos_index_file": "./src/indexes\\8_17_posIdx.json",
    "vocab_file": "./src/vocab\\8_17_vocab.json",
    "static_summary": "training tips   transformer model martin popel ondrej bojar charles university faculty  mathematics  physics institute  formal "
},
{
    "doc_id": "9_18",
    "tokens": 3628,
    "unique_tokens": 1593,
    "stemmed_tokens": 3628,
    "inv_index_file": "./src/indexes\\9_18_ivnIdx.json",
    "pos_index_file": "./src/indexes\\9_18_posIdx.json",
    "vocab_file": "./src/vocab\\9_18_vocab.json",
    "static_summary": "proceedings    emnlp systems demonstrations pages  november      association  computational linguistics transformers "
},
{
    "doc_id": "10_2",
    "tokens": 6148,
    "unique_tokens": 2338,
    "stemmed_tokens": 6148,
    "inv_index_file": "./src/indexes\\10_2_ivnIdx.json",
    "pos_index_file": "./src/indexes\\10_2_posIdx.json",
    "vocab_file": "./src/vocab\\10_2_vocab.json",
    "static_summary": "arxiv  v cs ai  sep towards explainable arti cial intelligence wojciech samekand klaus robert  uller   "
},
{
    "doc_id": "11_21",
    "tokens": 6232,
    "unique_tokens": 1996,
    "stemmed_tokens": 6232,
    "inv_index_file": "./src/indexes\\11_21_ivnIdx.json",
    "pos_index_file": "./src/indexes\\11_21_posIdx.json",
    "vocab_file": "./src/vocab\\11_21_vocab.json",
    "static_summary": "transformers  time series  survey qingsong wen tian zhou chaoli zhang weiqi chen ziqing ma junchi yan liang sun "
},
{
    "doc_id": "12_22",
    "tokens": 12549,
    "unique_tokens": 3892,
    "stemmed_tokens": 12549,
    "inv_index_file": "./src/indexes\\12_22_ivnIdx.json",
    "pos_index_file": "./src/indexes\\12_22_posIdx.json",
    "vocab_file": "./src/vocab\\12_22_vocab.json",
    "static_summary": "featureselection  data perspective jundongli kewei cheng suhangwang fredmorstatter  robert  trevino arizona stateuniversity jiliangtang michigan state university huanliu "
},
{
    "doc_id": "13_23",
    "tokens": 2105,
    "unique_tokens": 781,
    "stemmed_tokens": 2105,
    "inv_index_file": "./src/indexes\\13_23_ivnIdx.json",
    "pos_index_file": "./src/indexes\\13_23_posIdx.json",
    "vocab_file": "./src/vocab\\13_23_vocab.json",
    "static_summary": "algorithms  eature selection an evaluation douglas zongker department  computer science michigan state university east lansing michigan usa zongker "
},
{
    "doc_id": "14_24",
    "tokens": 3107,
    "unique_tokens": 1082,
    "stemmed_tokens": 3107,
    "inv_index_file": "./src/indexes\\14_24_ivnIdx.json",
    "pos_index_file": "./src/indexes\\14_24_posIdx.json",
    "vocab_file": "./src/vocab\\14_24_vocab.json",
    "static_summary": "procedia computer science     available online  www sciencedirect com    published by elsevier  "
},
{
    "doc_id": "15_25",
    "tokens": 3582,
    "unique_tokens": 1176,
    "stemmed_tokens": 3582,
    "inv_index_file": "./src/indexes\\15_25_ivnIdx.json",
    "pos_index_file": "./src/indexes\\15_25_posIdx.json",
    "vocab_file": "./src/vocab\\15_25_vocab.json",
    "static_summary": "feature selection from huge feature sets jose bins faculdade de informdtica pontifkia universidade catlica rs port alegre rs   "
},
{
    "doc_id": "16_26",
    "tokens": 7901,
    "unique_tokens": 1900,
    "stemmed_tokens": 7901,
    "inv_index_file": "./src/indexes\\16_26_ivnIdx.json",
    "pos_index_file": "./src/indexes\\16_26_posIdx.json",
    "vocab_file": "./src/vocab\\16_26_vocab.json",
    "static_summary": " ieee transactions  neural networks  learning systems vol    july  frel  stable feature selection "
},
{
    "doc_id": "17_3",
    "tokens": 2743,
    "unique_tokens": 1186,
    "stemmed_tokens": 2743,
    "inv_index_file": "./src/indexes\\17_3_ivnIdx.json",
    "pos_index_file": "./src/indexes\\17_3_posIdx.json",
    "vocab_file": "./src/vocab\\17_3_vocab.json",
    "static_summary": "see discussions st ats  author pr ofiles  or this public ation  https www researchgate ne  public "
},
{
    "doc_id": "18_7",
    "tokens": 26601,
    "unique_tokens": 5227,
    "stemmed_tokens": 26601,
    "inv_index_file": "./src/indexes\\18_7_ivnIdx.json",
    "pos_index_file": "./src/indexes\\18_7_posIdx.json",
    "vocab_file": "./src/vocab\\18_7_vocab.json",
    "static_summary": "explainable arti cial intelligence xai concepts taxonomies opportunities  challenges toward responsible ai alejandro barredo arrietaa natalia  iaz rodr "
},
{
    "doc_id": "19_8",
    "tokens": 4835,
    "unique_tokens": 1785,
    "stemmed_tokens": 4835,
    "inv_index_file": "./src/indexes\\19_8_ivnIdx.json",
    "pos_index_file": "./src/indexes\\19_8_posIdx.json",
    "vocab_file": "./src/vocab\\19_8_vocab.json",
    "static_summary": " https  heartfailure orgabstract  prevalence  heart failure hf  increasing necessitating accurate diagnosis  tailored treatment  "
},
{
    "doc_id": "20_9",
    "tokens": 2440,
    "unique_tokens": 1155,
    "stemmed_tokens": 2440,
    "inv_index_file": "./src/indexes\\20_9_ivnIdx.json",
    "pos_index_file": "./src/indexes\\20_9_posIdx.json",
    "vocab_file": "./src/vocab\\20_9_vocab.json",
    "static_summary": "exploring symptoms  chronic heart failure abstract symptoms  patients with chronic heart failure chf   cry  help "
},
