2024-04-09 21:55:59,950 - vector_model - WARNING - Could not load pre-computed matrices from files.
2024-04-09 21:56:01,243 - vector_model - WARNING - Could not load pre-computed matrices from files.
2024-04-09 21:56:04,647 - vector_model - WARNING - Could not load pre-computed matrices from files.
2024-04-09 21:56:51,265 - vector_model - WARNING - Could not load pre-computed matrices from files.
2024-04-09 21:57:35,283 - vector_model - WARNING - Could not load pre-computed matrices from files.
2024-04-09 22:13:12,224 - vector_model - WARNING - Could not load pre-computed matrices from files.
2024-04-09 22:13:13,385 - vector_model - WARNING - Could not load pre-computed matrices from files.
2024-04-09 22:16:20,398 - vector_model - WARNING - Could not load pre-computed matrices from files.
2024-04-09 22:17:10,687 - vector_model - WARNING - Could not load pre-computed matrices from files.
2024-04-09 22:17:12,096 - vector_model - WARNING - Could not load pre-computed matrices from files.
2024-04-09 22:18:34,194 - vector_model - WARNING - Could not load pre-computed matrices from files.
2024-04-09 22:18:41,641 - vector_model - WARNING - Could not load pre-computed matrices from files.
2024-04-09 22:19:46,822 - vector_model - WARNING - Could not load pre-computed matrices from files.
2024-04-09 22:19:50,882 - vector_model - WARNING - Could not load pre-computed matrices from files.
2024-04-09 22:19:52,013 - vector_model - WARNING - Could not load pre-computed matrices from files.
2024-04-09 22:20:18,767 - vector_model - WARNING - Could not load pre-computed matrices from files.
2024-04-09 22:20:20,280 - vector_model - WARNING - Could not load pre-computed matrices from files.
2024-04-09 22:20:38,440 - vector_model - WARNING - Could not load pre-computed matrices from files.
2024-04-09 22:20:40,842 - vector_model - WARNING - Could not load pre-computed matrices from files.
2024-04-09 22:21:20,837 - vector_model - WARNING - Could not load pre-computed matrices from files.
2024-04-09 22:25:44,563 - vector_model - WARNING - Could not load pre-computed matrices from files.
2024-04-09 22:25:45,761 - vector_model - WARNING - Could not load pre-computed matrices from files.
2024-04-09 22:26:13,314 - vector_model - WARNING - Could not load pre-computed matrices from files.
2024-04-09 22:26:19,924 - vector_model - WARNING - Could not load pre-computed matrices from files.
2024-04-09 22:26:32,682 - vector_model - WARNING - Could not load pre-computed matrices from files.
2024-04-09 22:26:33,778 - vector_model - WARNING - Could not load pre-computed matrices from files.
2024-04-09 22:31:34,531 - vector_model - WARNING - Could not load pre-computed matrices from files.
2024-04-09 22:31:47,224 - vector_model - WARNING - Could not load pre-computed matrices from files.
2024-04-09 22:32:00,530 - vector_model - WARNING - Could not load pre-computed matrices from files.
2024-04-09 22:32:01,590 - vector_model - WARNING - Could not load pre-computed matrices from files.
2024-04-09 22:33:08,649 - vector_model - WARNING - Could not load pre-computed matrices from files.
2024-04-09 22:33:14,423 - vector_model - WARNING - Could not load pre-computed matrices from files.
2024-04-09 22:39:43,326 - vector_model - WARNING - Could not load pre-computed matrices from files.
2024-04-09 22:39:49,091 - vector_model - WARNING - Could not load pre-computed matrices from files.
2024-04-09 22:45:16,886 - vector_model - WARNING - Could not load pre-computed matrices from files.
2024-04-09 22:45:21,904 - vector_model - WARNING - Could not load pre-computed matrices from files.
2024-04-12 16:50:43,971 - vector_model - WARNING - Could not load pre-computed matrices from files.
2024-04-12 16:53:42,910 - vector_model - WARNING - Could not load pre-computed matrices from files.
2024-04-12 17:21:20,047 - vector_model - WARNING - Could not load pre-computed matrices from files.
2024-04-12 17:21:23,986 - vector_model - WARNING - Could not load pre-computed matrices from files.
2024-04-12 17:22:55,760 - vector_model - WARNING - Could not load pre-computed matrices from files.
2024-04-12 17:23:18,362 - vector_model - WARNING - Could not load pre-computed matrices from files.
2024-04-12 17:23:44,596 - vector_model - WARNING - Could not load pre-computed matrices from files.
2024-04-12 17:25:54,632 - vector_model - WARNING - Could not load pre-computed matrices from files.
2024-04-12 22:39:50,105 - vector_model - WARNING - Could not load pre-computed matrices from files.
2024-04-12 22:52:58,934 - vector_model - WARNING - Term 'visionn' not found in the inverted index.
2024-04-12 22:53:00,182 - vector_model - WARNING - Term 'viesion' not found in the inverted index.
2024-04-12 22:53:28,269 - vector_model - WARNING - Term 'computeeintg' not found in the inverted index.
2024-04-12 22:54:05,322 - vector_model - WARNING - Term 'computing' not found in the inverted index.
2024-04-12 22:54:19,369 - vector_model - WARNING - Term 'engineerringrr' not found in the inverted index.
2024-04-12 22:54:44,422 - vector_model - WARNING - Term 'computering' not found in the inverted index.
